15-Apr-2020 09:57:47.729 INFO [main] org.apache.catalina.startup.VersionLoggerListener.log Server version:        Apache Tomcat/8.0.0
15-Apr-2020 09:57:47.732 INFO [main] org.apache.catalina.startup.VersionLoggerListener.log Server built:          Oct 6 2016 20:15:31 UTC
15-Apr-2020 09:57:47.735 INFO [main] org.apache.catalina.startup.VersionLoggerListener.log Server number:         8.0.0
15-Apr-2020 09:57:47.735 INFO [main] org.apache.catalina.startup.VersionLoggerListener.log OS Name:               Windows 10
15-Apr-2020 09:57:47.735 INFO [main] org.apache.catalina.startup.VersionLoggerListener.log OS Version:            10.0
15-Apr-2020 09:57:47.736 INFO [main] org.apache.catalina.startup.VersionLoggerListener.log Architecture:          amd64
15-Apr-2020 09:57:47.736 INFO [main] org.apache.catalina.startup.VersionLoggerListener.log Java Home:             E:\Programs\JDK\jre
15-Apr-2020 09:57:47.738 INFO [main] org.apache.catalina.startup.VersionLoggerListener.log JVM Version:           1.8.0_211-b12
15-Apr-2020 09:57:47.739 INFO [main] org.apache.catalina.startup.VersionLoggerListener.log JVM Vendor:            Oracle Corporation
15-Apr-2020 09:57:47.739 INFO [main] org.apache.catalina.startup.VersionLoggerListener.log CATALINA_BASE:         E:\Projects\java\epam\SummaryTask4\tomcat
15-Apr-2020 09:57:47.740 INFO [main] org.apache.catalina.startup.VersionLoggerListener.log CATALINA_HOME:         E:\Projects\java\epam\SummaryTask4\tomcat
15-Apr-2020 09:57:47.740 INFO [main] org.apache.catalina.startup.VersionLoggerListener.log Command line argument: -Djdk.tls.ephemeralDHKeySize=2048
15-Apr-2020 09:57:47.741 INFO [main] org.apache.catalina.startup.VersionLoggerListener.log Command line argument: -Djava.protocol.handler.pkgs=org.apache.catalina.webresources
15-Apr-2020 09:57:47.741 INFO [main] org.apache.catalina.startup.VersionLoggerListener.log Command line argument: -Djava.util.logging.config.file=E:\Projects\java\epam\SummaryTask4\tomcat\conf\logging.properties
15-Apr-2020 09:57:47.741 INFO [main] org.apache.catalina.startup.VersionLoggerListener.log Command line argument: -Djava.util.logging.manager=org.apache.juli.ClassLoaderLogManager
15-Apr-2020 09:57:47.742 INFO [main] org.apache.catalina.startup.VersionLoggerListener.log Command line argument: -Dcatalina.base=E:\Projects\java\epam\SummaryTask4\tomcat
15-Apr-2020 09:57:47.742 INFO [main] org.apache.catalina.startup.VersionLoggerListener.log Command line argument: -Dcatalina.home=E:\Projects\java\epam\SummaryTask4\tomcat
15-Apr-2020 09:57:47.742 INFO [main] org.apache.catalina.startup.VersionLoggerListener.log Command line argument: -Djava.io.tmpdir=E:\Projects\java\epam\SummaryTask4\tomcat\temp
15-Apr-2020 09:57:47.743 INFO [main] org.apache.catalina.core.AprLifecycleListener.lifecycleEvent The APR based Apache Tomcat Native library which allows optimal performance in production environments was not found on the java.library.path: E:\Programs\JDK\jre\bin;C:\Windows\Sun\Java\bin;C:\Windows\system32;C:\Windows;E:\Programs\JDK\bin;E:\Programs\JDK\bin;E:\Programs\JDK\jre\bin;C:\InterSystems\Cache\bin;C:\app\Andrew_Lozychenko\dbhomeXE\bin;C:\Program Files (x86)\Common Files\Oracle\Java\javapath;C:\Windows\system32;C:\Windows;C:\Windows\System32\Wbem;C:\Windows\System32\WindowsPowerShell\v1.0\;C:\Windows\System32\OpenSSH\;E:\Программы\Node Js\;E:\Программы\Git\cmd;C:\Program Files\NVIDIA Corporation\NVIDIA NvDLISR;C:\Program Files (x86)\NVIDIA Corporation\PhysX\Common;C:\Program Files (x86)\NoteBook FanControl\;C:\Program Files\TortoiseSVN\bin;C:\Program Files\MySQL\MySQL Shell 8.0\bin\;C:\Users\Andrew Lozychenko\AppData\Local\Microsoft\WindowsApps;C:\Users\Andrew Lozychenko\AppData\Roaming\npm;E:\Программы\Heroku\bin;C:\Users\Andrew Lozychenko\AppData\Local\GitHubDesktop\bin;E:\Programs\IntelliJ IDEA 2019.3.3\bin;E:\Programs\IntelliJ IDEA Community Edition 2019.3.1\bin;.
15-Apr-2020 09:57:48.860 INFO [main] org.apache.coyote.AbstractProtocol.init Initializing ProtocolHandler ["http-nio-8080"]
15-Apr-2020 09:57:49.053 INFO [main] org.apache.tomcat.util.net.NioSelectorPool.getSharedSelector Using a shared selector for servlet write/read
15-Apr-2020 09:57:49.056 INFO [main] org.apache.coyote.AbstractProtocol.init Initializing ProtocolHandler ["ajp-nio-8009"]
15-Apr-2020 09:57:49.059 INFO [main] org.apache.tomcat.util.net.NioSelectorPool.getSharedSelector Using a shared selector for servlet write/read
15-Apr-2020 09:57:49.060 INFO [main] org.apache.catalina.startup.Catalina.load Initialization processed in 2437 ms
15-Apr-2020 09:57:49.171 INFO [main] org.apache.catalina.core.StandardService.startInternal Starting service Catalina
15-Apr-2020 09:57:49.171 INFO [main] org.apache.catalina.core.StandardEngine.startInternal Starting Servlet Engine: Apache Tomcat/8.0.0
15-Apr-2020 09:57:49.188 INFO [localhost-startStop-1] org.apache.catalina.startup.HostConfig.deployDescriptor Deploying configuration descriptor E:\Projects\java\epam\SummaryTask4\tomcat\conf\Catalina\localhost\facultative.xml
15-Apr-2020 09:57:51.418 INFO [localhost-startStop-1] org.apache.jasper.servlet.TldScanner.scanJars At least one JAR was scanned for TLDs yet contained no TLDs. Enable debug logging for this logger for a complete list of JARs that were scanned but no TLDs were found in them. Skipping unneeded JARs during scanning can improve startup time and JSP compilation time.
15-Apr-2020 09:57:51.569 INFO [localhost-startStop-1] org.apache.catalina.startup.HostConfig.deployDescriptor Deployment of configuration descriptor E:\Projects\java\epam\SummaryTask4\tomcat\conf\Catalina\localhost\facultative.xml has finished in 2,380 ms
15-Apr-2020 09:57:51.570 INFO [localhost-startStop-1] org.apache.catalina.startup.HostConfig.deployDirectory Deploying web application directory E:\Projects\java\epam\SummaryTask4\tomcat\webapps\manager
15-Apr-2020 09:57:52.024 INFO [localhost-startStop-1] org.apache.jasper.servlet.TldScanner.scanJars At least one JAR was scanned for TLDs yet contained no TLDs. Enable debug logging for this logger for a complete list of JARs that were scanned but no TLDs were found in them. Skipping unneeded JARs during scanning can improve startup time and JSP compilation time.
15-Apr-2020 09:57:52.031 INFO [localhost-startStop-1] org.apache.catalina.startup.HostConfig.deployDirectory Deployment of web application directory E:\Projects\java\epam\SummaryTask4\tomcat\webapps\manager has finished in 461 ms
15-Apr-2020 09:57:52.032 INFO [localhost-startStop-1] org.apache.catalina.startup.HostConfig.deployDirectory Deploying web application directory E:\Projects\java\epam\SummaryTask4\tomcat\webapps\ROOT
15-Apr-2020 09:57:52.405 INFO [localhost-startStop-1] org.apache.jasper.servlet.TldScanner.scanJars At least one JAR was scanned for TLDs yet contained no TLDs. Enable debug logging for this logger for a complete list of JARs that were scanned but no TLDs were found in them. Skipping unneeded JARs during scanning can improve startup time and JSP compilation time.
15-Apr-2020 09:57:52.411 INFO [localhost-startStop-1] org.apache.catalina.startup.HostConfig.deployDirectory Deployment of web application directory E:\Projects\java\epam\SummaryTask4\tomcat\webapps\ROOT has finished in 378 ms
15-Apr-2020 09:57:52.416 INFO [main] org.apache.coyote.AbstractProtocol.start Starting ProtocolHandler [http-nio-8080]
15-Apr-2020 09:57:52.425 INFO [main] org.apache.coyote.AbstractProtocol.start Starting ProtocolHandler [ajp-nio-8009]
15-Apr-2020 09:57:52.427 INFO [main] org.apache.catalina.startup.Catalina.start Server startup in 3367 ms
15-Apr-2020 10:09:05.521 INFO [ContainerBackgroundProcessor[StandardEngine[Catalina]]] org.apache.catalina.core.StandardContext.reload Reloading Context with name [/facultative] has started
15-Apr-2020 10:09:06.357 INFO [ContainerBackgroundProcessor[StandardEngine[Catalina]]] org.apache.catalina.core.StandardContext.reload Reloading Context with name [/facultative] is completed
15-Apr-2020 20:06:57.996 INFO [main] org.apache.catalina.startup.VersionLoggerListener.log Server version:        Apache Tomcat/8.0.0
15-Apr-2020 20:06:58.000 INFO [main] org.apache.catalina.startup.VersionLoggerListener.log Server built:          Oct 6 2016 20:15:31 UTC
15-Apr-2020 20:06:58.001 INFO [main] org.apache.catalina.startup.VersionLoggerListener.log Server number:         8.0.0
15-Apr-2020 20:06:58.002 INFO [main] org.apache.catalina.startup.VersionLoggerListener.log OS Name:               Windows 10
15-Apr-2020 20:06:58.002 INFO [main] org.apache.catalina.startup.VersionLoggerListener.log OS Version:            10.0
15-Apr-2020 20:06:58.002 INFO [main] org.apache.catalina.startup.VersionLoggerListener.log Architecture:          amd64
15-Apr-2020 20:06:58.003 INFO [main] org.apache.catalina.startup.VersionLoggerListener.log Java Home:             E:\Programs\JDK\jre
15-Apr-2020 20:06:58.003 INFO [main] org.apache.catalina.startup.VersionLoggerListener.log JVM Version:           1.8.0_211-b12
15-Apr-2020 20:06:58.003 INFO [main] org.apache.catalina.startup.VersionLoggerListener.log JVM Vendor:            Oracle Corporation
15-Apr-2020 20:06:58.004 INFO [main] org.apache.catalina.startup.VersionLoggerListener.log CATALINA_BASE:         E:\Projects\java\epam\SummaryTask4\tomcat
15-Apr-2020 20:06:58.004 INFO [main] org.apache.catalina.startup.VersionLoggerListener.log CATALINA_HOME:         E:\Projects\java\epam\SummaryTask4\tomcat
15-Apr-2020 20:06:58.005 INFO [main] org.apache.catalina.startup.VersionLoggerListener.log Command line argument: -Djdk.tls.ephemeralDHKeySize=2048
15-Apr-2020 20:06:58.005 INFO [main] org.apache.catalina.startup.VersionLoggerListener.log Command line argument: -Djava.protocol.handler.pkgs=org.apache.catalina.webresources
15-Apr-2020 20:06:58.008 INFO [main] org.apache.catalina.startup.VersionLoggerListener.log Command line argument: -Djava.util.logging.config.file=E:\Projects\java\epam\SummaryTask4\tomcat\conf\logging.properties
15-Apr-2020 20:06:58.009 INFO [main] org.apache.catalina.startup.VersionLoggerListener.log Command line argument: -Djava.util.logging.manager=org.apache.juli.ClassLoaderLogManager
15-Apr-2020 20:06:58.009 INFO [main] org.apache.catalina.startup.VersionLoggerListener.log Command line argument: -Dcatalina.base=E:\Projects\java\epam\SummaryTask4\tomcat
15-Apr-2020 20:06:58.009 INFO [main] org.apache.catalina.startup.VersionLoggerListener.log Command line argument: -Dcatalina.home=E:\Projects\java\epam\SummaryTask4\tomcat
15-Apr-2020 20:06:58.010 INFO [main] org.apache.catalina.startup.VersionLoggerListener.log Command line argument: -Djava.io.tmpdir=E:\Projects\java\epam\SummaryTask4\tomcat\temp
15-Apr-2020 20:06:58.016 INFO [main] org.apache.catalina.core.AprLifecycleListener.lifecycleEvent The APR based Apache Tomcat Native library which allows optimal performance in production environments was not found on the java.library.path: E:\Programs\JDK\jre\bin;C:\Windows\Sun\Java\bin;C:\Windows\system32;C:\Windows;E:\Programs\JDK\bin;E:\Programs\JDK\bin;E:\Programs\JDK\jre\bin;C:\InterSystems\Cache\bin;C:\app\Andrew_Lozychenko\dbhomeXE\bin;C:\Program Files (x86)\Common Files\Oracle\Java\javapath;C:\Windows\system32;C:\Windows;C:\Windows\System32\Wbem;C:\Windows\System32\WindowsPowerShell\v1.0\;C:\Windows\System32\OpenSSH\;E:\Программы\Node Js\;E:\Программы\Git\cmd;C:\Program Files\NVIDIA Corporation\NVIDIA NvDLISR;C:\Program Files (x86)\NVIDIA Corporation\PhysX\Common;C:\Program Files (x86)\NoteBook FanControl\;C:\Program Files\TortoiseSVN\bin;C:\Program Files\MySQL\MySQL Shell 8.0\bin\;C:\Users\Andrew Lozychenko\AppData\Local\Microsoft\WindowsApps;C:\Users\Andrew Lozychenko\AppData\Roaming\npm;E:\Программы\Heroku\bin;C:\Users\Andrew Lozychenko\AppData\Local\GitHubDesktop\bin;E:\Programs\IntelliJ IDEA 2019.3.3\bin;;E:\Programs\IntelliJ IDEA Community Edition 2019.3.1\bin;;.
15-Apr-2020 20:06:58.655 INFO [main] org.apache.coyote.AbstractProtocol.init Initializing ProtocolHandler ["http-nio-8080"]
15-Apr-2020 20:06:58.870 INFO [main] org.apache.tomcat.util.net.NioSelectorPool.getSharedSelector Using a shared selector for servlet write/read
15-Apr-2020 20:06:58.874 INFO [main] org.apache.coyote.AbstractProtocol.init Initializing ProtocolHandler ["ajp-nio-8009"]
15-Apr-2020 20:06:58.877 INFO [main] org.apache.tomcat.util.net.NioSelectorPool.getSharedSelector Using a shared selector for servlet write/read
15-Apr-2020 20:06:58.877 INFO [main] org.apache.catalina.startup.Catalina.load Initialization processed in 1847 ms
15-Apr-2020 20:06:59.111 INFO [main] org.apache.catalina.core.StandardService.startInternal Starting service Catalina
15-Apr-2020 20:06:59.112 INFO [main] org.apache.catalina.core.StandardEngine.startInternal Starting Servlet Engine: Apache Tomcat/8.0.0
15-Apr-2020 20:06:59.140 INFO [localhost-startStop-1] org.apache.catalina.startup.HostConfig.deployDescriptor Deploying configuration descriptor E:\Projects\java\epam\SummaryTask4\tomcat\conf\Catalina\localhost\facultative.xml
15-Apr-2020 20:07:01.060 INFO [localhost-startStop-1] org.apache.jasper.servlet.TldScanner.scanJars At least one JAR was scanned for TLDs yet contained no TLDs. Enable debug logging for this logger for a complete list of JARs that were scanned but no TLDs were found in them. Skipping unneeded JARs during scanning can improve startup time and JSP compilation time.
15-Apr-2020 20:07:01.194 INFO [localhost-startStop-1] org.apache.catalina.startup.HostConfig.deployDescriptor Deployment of configuration descriptor E:\Projects\java\epam\SummaryTask4\tomcat\conf\Catalina\localhost\facultative.xml has finished in 2,053 ms
15-Apr-2020 20:07:01.195 INFO [localhost-startStop-1] org.apache.catalina.startup.HostConfig.deployDirectory Deploying web application directory E:\Projects\java\epam\SummaryTask4\tomcat\webapps\manager
15-Apr-2020 20:07:01.699 INFO [localhost-startStop-1] org.apache.jasper.servlet.TldScanner.scanJars At least one JAR was scanned for TLDs yet contained no TLDs. Enable debug logging for this logger for a complete list of JARs that were scanned but no TLDs were found in them. Skipping unneeded JARs during scanning can improve startup time and JSP compilation time.
15-Apr-2020 20:07:01.711 INFO [localhost-startStop-1] org.apache.catalina.startup.HostConfig.deployDirectory Deployment of web application directory E:\Projects\java\epam\SummaryTask4\tomcat\webapps\manager has finished in 516 ms
15-Apr-2020 20:07:01.712 INFO [localhost-startStop-1] org.apache.catalina.startup.HostConfig.deployDirectory Deploying web application directory E:\Projects\java\epam\SummaryTask4\tomcat\webapps\ROOT
15-Apr-2020 20:07:02.163 INFO [localhost-startStop-1] org.apache.jasper.servlet.TldScanner.scanJars At least one JAR was scanned for TLDs yet contained no TLDs. Enable debug logging for this logger for a complete list of JARs that were scanned but no TLDs were found in them. Skipping unneeded JARs during scanning can improve startup time and JSP compilation time.
15-Apr-2020 20:07:02.171 INFO [localhost-startStop-1] org.apache.catalina.startup.HostConfig.deployDirectory Deployment of web application directory E:\Projects\java\epam\SummaryTask4\tomcat\webapps\ROOT has finished in 459 ms
15-Apr-2020 20:07:02.178 INFO [main] org.apache.coyote.AbstractProtocol.start Starting ProtocolHandler [http-nio-8080]
15-Apr-2020 20:07:02.189 INFO [main] org.apache.coyote.AbstractProtocol.start Starting ProtocolHandler [ajp-nio-8009]
15-Apr-2020 20:07:02.192 INFO [main] org.apache.catalina.startup.Catalina.start Server startup in 3313 ms
15-Apr-2020 20:08:53.120 INFO [ContainerBackgroundProcessor[StandardEngine[Catalina]]] org.apache.catalina.core.StandardContext.reload Reloading Context with name [/facultative] has started
15-Apr-2020 20:08:54.644 INFO [ContainerBackgroundProcessor[StandardEngine[Catalina]]] org.apache.catalina.core.StandardContext.reload Reloading Context with name [/facultative] is completed
