17-Apr-2020 11:27:41.621 INFO [main] org.apache.catalina.startup.VersionLoggerListener.log Server version:        Apache Tomcat/8.0.0
17-Apr-2020 11:27:41.636 INFO [main] org.apache.catalina.startup.VersionLoggerListener.log Server built:          Oct 6 2016 20:15:31 UTC
17-Apr-2020 11:27:41.637 INFO [main] org.apache.catalina.startup.VersionLoggerListener.log Server number:         8.0.0
17-Apr-2020 11:27:41.638 INFO [main] org.apache.catalina.startup.VersionLoggerListener.log OS Name:               Windows 10
17-Apr-2020 11:27:41.638 INFO [main] org.apache.catalina.startup.VersionLoggerListener.log OS Version:            10.0
17-Apr-2020 11:27:41.638 INFO [main] org.apache.catalina.startup.VersionLoggerListener.log Architecture:          amd64
17-Apr-2020 11:27:41.638 INFO [main] org.apache.catalina.startup.VersionLoggerListener.log Java Home:             E:\Programs\JDK\jre
17-Apr-2020 11:27:41.641 INFO [main] org.apache.catalina.startup.VersionLoggerListener.log JVM Version:           1.8.0_211-b12
17-Apr-2020 11:27:41.641 INFO [main] org.apache.catalina.startup.VersionLoggerListener.log JVM Vendor:            Oracle Corporation
17-Apr-2020 11:27:41.641 INFO [main] org.apache.catalina.startup.VersionLoggerListener.log CATALINA_BASE:         E:\Projects\java\epam\SummaryTask4\tomcat
17-Apr-2020 11:27:41.641 INFO [main] org.apache.catalina.startup.VersionLoggerListener.log CATALINA_HOME:         E:\Projects\java\epam\SummaryTask4\tomcat
17-Apr-2020 11:27:41.642 INFO [main] org.apache.catalina.startup.VersionLoggerListener.log Command line argument: -Djdk.tls.ephemeralDHKeySize=2048
17-Apr-2020 11:27:41.642 INFO [main] org.apache.catalina.startup.VersionLoggerListener.log Command line argument: -Djava.protocol.handler.pkgs=org.apache.catalina.webresources
17-Apr-2020 11:27:41.643 INFO [main] org.apache.catalina.startup.VersionLoggerListener.log Command line argument: -Djava.util.logging.config.file=E:\Projects\java\epam\SummaryTask4\tomcat\conf\logging.properties
17-Apr-2020 11:27:41.643 INFO [main] org.apache.catalina.startup.VersionLoggerListener.log Command line argument: -Djava.util.logging.manager=org.apache.juli.ClassLoaderLogManager
17-Apr-2020 11:27:41.643 INFO [main] org.apache.catalina.startup.VersionLoggerListener.log Command line argument: -Dcatalina.base=E:\Projects\java\epam\SummaryTask4\tomcat
17-Apr-2020 11:27:41.644 INFO [main] org.apache.catalina.startup.VersionLoggerListener.log Command line argument: -Dcatalina.home=E:\Projects\java\epam\SummaryTask4\tomcat
17-Apr-2020 11:27:41.644 INFO [main] org.apache.catalina.startup.VersionLoggerListener.log Command line argument: -Djava.io.tmpdir=E:\Projects\java\epam\SummaryTask4\tomcat\temp
17-Apr-2020 11:27:41.645 INFO [main] org.apache.catalina.core.AprLifecycleListener.lifecycleEvent The APR based Apache Tomcat Native library which allows optimal performance in production environments was not found on the java.library.path: E:\Programs\JDK\jre\bin;C:\Windows\Sun\Java\bin;C:\Windows\system32;C:\Windows;E:\Programs\JDK\bin;E:\Programs\JDK\bin;E:\Programs\JDK\jre\bin;C:\InterSystems\Cache\bin;C:\app\Andrew_Lozychenko\dbhomeXE\bin;C:\Program Files (x86)\Common Files\Oracle\Java\javapath;C:\Windows\system32;C:\Windows;C:\Windows\System32\Wbem;C:\Windows\System32\WindowsPowerShell\v1.0\;C:\Windows\System32\OpenSSH\;E:\Программы\Node Js\;E:\Программы\Git\cmd;C:\Program Files\NVIDIA Corporation\NVIDIA NvDLISR;C:\Program Files (x86)\NVIDIA Corporation\PhysX\Common;C:\Program Files (x86)\NoteBook FanControl\;C:\Program Files\TortoiseSVN\bin;C:\Program Files\MySQL\MySQL Shell 8.0\bin\;C:\Users\Andrew Lozychenko\AppData\Local\Microsoft\WindowsApps;C:\Users\Andrew Lozychenko\AppData\Roaming\npm;E:\Программы\Heroku\bin;C:\Users\Andrew Lozychenko\AppData\Local\GitHubDesktop\bin;E:\Programs\IntelliJ IDEA 2019.3.3\bin;E:\Programs\IntelliJ IDEA Community Edition 2019.3.1\bin;.
17-Apr-2020 11:27:43.446 INFO [main] org.apache.coyote.AbstractProtocol.init Initializing ProtocolHandler ["http-nio-8080"]
17-Apr-2020 11:27:43.635 INFO [main] org.apache.tomcat.util.net.NioSelectorPool.getSharedSelector Using a shared selector for servlet write/read
17-Apr-2020 11:27:43.638 INFO [main] org.apache.coyote.AbstractProtocol.init Initializing ProtocolHandler ["ajp-nio-8009"]
17-Apr-2020 11:27:43.641 INFO [main] org.apache.tomcat.util.net.NioSelectorPool.getSharedSelector Using a shared selector for servlet write/read
17-Apr-2020 11:27:43.642 INFO [main] org.apache.catalina.startup.Catalina.load Initialization processed in 2908 ms
17-Apr-2020 11:27:43.746 INFO [main] org.apache.catalina.core.StandardService.startInternal Starting service Catalina
17-Apr-2020 11:27:43.747 INFO [main] org.apache.catalina.core.StandardEngine.startInternal Starting Servlet Engine: Apache Tomcat/8.0.0
17-Apr-2020 11:27:43.772 INFO [localhost-startStop-1] org.apache.catalina.startup.HostConfig.deployDescriptor Deploying configuration descriptor E:\Projects\java\epam\SummaryTask4\tomcat\conf\Catalina\localhost\facultative.xml
17-Apr-2020 11:27:45.985 INFO [localhost-startStop-1] org.apache.jasper.servlet.TldScanner.scanJars At least one JAR was scanned for TLDs yet contained no TLDs. Enable debug logging for this logger for a complete list of JARs that were scanned but no TLDs were found in them. Skipping unneeded JARs during scanning can improve startup time and JSP compilation time.
17-Apr-2020 11:27:46.111 INFO [localhost-startStop-1] org.apache.catalina.startup.HostConfig.deployDescriptor Deployment of configuration descriptor E:\Projects\java\epam\SummaryTask4\tomcat\conf\Catalina\localhost\facultative.xml has finished in 2,338 ms
17-Apr-2020 11:27:46.112 INFO [localhost-startStop-1] org.apache.catalina.startup.HostConfig.deployDirectory Deploying web application directory E:\Projects\java\epam\SummaryTask4\tomcat\webapps\manager
17-Apr-2020 11:27:46.595 INFO [localhost-startStop-1] org.apache.jasper.servlet.TldScanner.scanJars At least one JAR was scanned for TLDs yet contained no TLDs. Enable debug logging for this logger for a complete list of JARs that were scanned but no TLDs were found in them. Skipping unneeded JARs during scanning can improve startup time and JSP compilation time.
17-Apr-2020 11:27:46.603 INFO [localhost-startStop-1] org.apache.catalina.startup.HostConfig.deployDirectory Deployment of web application directory E:\Projects\java\epam\SummaryTask4\tomcat\webapps\manager has finished in 491 ms
17-Apr-2020 11:27:46.604 INFO [localhost-startStop-1] org.apache.catalina.startup.HostConfig.deployDirectory Deploying web application directory E:\Projects\java\epam\SummaryTask4\tomcat\webapps\ROOT
17-Apr-2020 11:27:46.997 INFO [localhost-startStop-1] org.apache.jasper.servlet.TldScanner.scanJars At least one JAR was scanned for TLDs yet contained no TLDs. Enable debug logging for this logger for a complete list of JARs that were scanned but no TLDs were found in them. Skipping unneeded JARs during scanning can improve startup time and JSP compilation time.
17-Apr-2020 11:27:47.005 INFO [localhost-startStop-1] org.apache.catalina.startup.HostConfig.deployDirectory Deployment of web application directory E:\Projects\java\epam\SummaryTask4\tomcat\webapps\ROOT has finished in 401 ms
17-Apr-2020 11:27:47.012 INFO [main] org.apache.coyote.AbstractProtocol.start Starting ProtocolHandler [http-nio-8080]
17-Apr-2020 11:27:47.023 INFO [main] org.apache.coyote.AbstractProtocol.start Starting ProtocolHandler [ajp-nio-8009]
17-Apr-2020 11:27:47.026 INFO [main] org.apache.catalina.startup.Catalina.start Server startup in 3383 ms
17-Apr-2020 11:45:32.220 INFO [ContainerBackgroundProcessor[StandardEngine[Catalina]]] org.apache.catalina.core.StandardContext.reload Reloading Context with name [/facultative] has started
17-Apr-2020 11:45:33.129 SEVERE [ContainerBackgroundProcessor[StandardEngine[Catalina]]] org.apache.catalina.core.StandardContext.reload Exception starting Context with name [/facultative]
 org.apache.catalina.LifecycleException: Failed to start component [StandardEngine[Catalina].StandardHost[localhost].StandardContext[/facultative]]
	at org.apache.catalina.util.LifecycleBase.start(LifecycleBase.java:167)
	at org.apache.catalina.core.StandardContext.reload(StandardContext.java:3782)
	at org.apache.catalina.loader.WebappLoader.backgroundProcess(WebappLoader.java:292)
	at org.apache.catalina.core.StandardContext.backgroundProcess(StandardContext.java:5545)
	at org.apache.catalina.core.ContainerBase$ContainerBackgroundProcessor.processChildren(ContainerBase.java:1372)
	at org.apache.catalina.core.ContainerBase$ContainerBackgroundProcessor.processChildren(ContainerBase.java:1376)
	at org.apache.catalina.core.ContainerBase$ContainerBackgroundProcessor.processChildren(ContainerBase.java:1376)
	at org.apache.catalina.core.ContainerBase$ContainerBackgroundProcessor.run(ContainerBase.java:1344)
	at java.lang.Thread.run(Thread.java:748)
Caused by: java.lang.NoClassDefFoundError: ua/nure/lozychenko/facultative/db/dao/CourseDao
	at java.lang.Class.getDeclaredFields0(Native Method)
	at java.lang.Class.privateGetDeclaredFields(Class.java:2583)
	at java.lang.Class.getDeclaredFields(Class.java:1916)
	at org.apache.catalina.util.Introspection.getDeclaredFields(Introspection.java:110)
	at org.apache.catalina.startup.WebAnnotationSet.loadFieldsAnnotation(WebAnnotationSet.java:262)
	at org.apache.catalina.startup.WebAnnotationSet.loadApplicationServletAnnotations(WebAnnotationSet.java:136)
	at org.apache.catalina.startup.WebAnnotationSet.loadApplicationAnnotations(WebAnnotationSet.java:66)
	at org.apache.catalina.startup.ContextConfig.applicationAnnotationsConfig(ContextConfig.java:328)
	at org.apache.catalina.startup.ContextConfig.configureStart(ContextConfig.java:778)
	at org.apache.catalina.startup.ContextConfig.lifecycleEvent(ContextConfig.java:299)
	at org.apache.catalina.util.LifecycleBase.fireLifecycleEvent(LifecycleBase.java:94)
	at org.apache.catalina.core.StandardContext.startInternal(StandardContext.java:5087)
	at org.apache.catalina.util.LifecycleBase.start(LifecycleBase.java:150)
	... 8 more
Caused by: java.lang.ClassNotFoundException: ua.nure.lozychenko.facultative.db.dao.CourseDao
	at org.apache.catalina.loader.WebappClassLoaderBase.loadClass(WebappClassLoaderBase.java:1285)
	at org.apache.catalina.loader.WebappClassLoaderBase.loadClass(WebappClassLoaderBase.java:1119)
	... 21 more

17-Apr-2020 11:45:33.138 INFO [ContainerBackgroundProcessor[StandardEngine[Catalina]]] org.apache.catalina.core.StandardContext.reload Reloading Context with name [/facultative] is completed
17-Apr-2020 11:47:08.434 INFO [main] org.apache.catalina.core.StandardServer.await A valid shutdown command was received via the shutdown port. Stopping the Server instance.
17-Apr-2020 11:47:08.434 INFO [main] org.apache.coyote.AbstractProtocol.pause Pausing ProtocolHandler ["http-nio-8080"]
17-Apr-2020 11:47:08.490 INFO [main] org.apache.coyote.AbstractProtocol.pause Pausing ProtocolHandler ["ajp-nio-8009"]
17-Apr-2020 11:47:08.541 INFO [main] org.apache.catalina.core.StandardService.stopInternal Stopping service Catalina
17-Apr-2020 11:47:08.555 INFO [main] org.apache.coyote.AbstractProtocol.stop Stopping ProtocolHandler ["http-nio-8080"]
17-Apr-2020 11:47:08.558 INFO [main] org.apache.coyote.AbstractProtocol.stop Stopping ProtocolHandler ["ajp-nio-8009"]
17-Apr-2020 11:47:08.561 INFO [main] org.apache.coyote.AbstractProtocol.destroy Destroying ProtocolHandler ["http-nio-8080"]
17-Apr-2020 11:47:08.564 INFO [main] org.apache.coyote.AbstractProtocol.destroy Destroying ProtocolHandler ["ajp-nio-8009"]
17-Apr-2020 11:47:08.566 WARNING [main] org.apache.catalina.deploy.NamingResourcesImpl.cleanUp Failed to retrieve JNDI naming context for container [StandardEngine[Catalina].StandardHost[localhost].StandardContext[/facultative]] so no cleanup was performed for that container
 javax.naming.NamingException: No naming context bound to this class loader
	at org.apache.naming.ContextBindings.getClassLoader(ContextBindings.java:268)
	at org.apache.catalina.deploy.NamingResourcesImpl.cleanUp(NamingResourcesImpl.java:993)
	at org.apache.catalina.deploy.NamingResourcesImpl.stopInternal(NamingResourcesImpl.java:976)
	at org.apache.catalina.util.LifecycleBase.stop(LifecycleBase.java:226)
	at org.apache.catalina.core.StandardContext.stopInternal(StandardContext.java:5425)
	at org.apache.catalina.util.LifecycleBase.stop(LifecycleBase.java:226)
	at org.apache.catalina.util.LifecycleBase.destroy(LifecycleBase.java:264)
	at org.apache.catalina.core.ContainerBase.removeChild(ContainerBase.java:826)
	at org.apache.catalina.core.ContainerBase.destroyInternal(ContainerBase.java:1008)
	at org.apache.catalina.util.LifecycleBase.destroy(LifecycleBase.java:297)
	at org.apache.catalina.core.ContainerBase.removeChild(ContainerBase.java:826)
	at org.apache.catalina.core.ContainerBase.destroyInternal(ContainerBase.java:1008)
	at org.apache.catalina.util.LifecycleBase.destroy(LifecycleBase.java:297)
	at org.apache.catalina.core.StandardService.destroyInternal(StandardService.java:585)
	at org.apache.catalina.util.LifecycleBase.destroy(LifecycleBase.java:297)
	at org.apache.catalina.core.StandardServer.destroyInternal(StandardServer.java:881)
	at org.apache.catalina.util.LifecycleBase.destroy(LifecycleBase.java:297)
	at org.apache.catalina.startup.Catalina.stop(Catalina.java:729)
	at org.apache.catalina.startup.Catalina.start(Catalina.java:690)
	at sun.reflect.NativeMethodAccessorImpl.invoke0(Native Method)
	at sun.reflect.NativeMethodAccessorImpl.invoke(NativeMethodAccessorImpl.java:62)
	at sun.reflect.DelegatingMethodAccessorImpl.invoke(DelegatingMethodAccessorImpl.java:43)
	at java.lang.reflect.Method.invoke(Method.java:498)
	at org.apache.catalina.startup.Bootstrap.start(Bootstrap.java:355)
	at org.apache.catalina.startup.Bootstrap.main(Bootstrap.java:495)

17-Apr-2020 11:47:10.469 INFO [main] org.apache.catalina.startup.VersionLoggerListener.log Server version:        Apache Tomcat/8.0.0
17-Apr-2020 11:47:10.472 INFO [main] org.apache.catalina.startup.VersionLoggerListener.log Server built:          Oct 6 2016 20:15:31 UTC
17-Apr-2020 11:47:10.472 INFO [main] org.apache.catalina.startup.VersionLoggerListener.log Server number:         8.0.0
17-Apr-2020 11:47:10.473 INFO [main] org.apache.catalina.startup.VersionLoggerListener.log OS Name:               Windows 10
17-Apr-2020 11:47:10.473 INFO [main] org.apache.catalina.startup.VersionLoggerListener.log OS Version:            10.0
17-Apr-2020 11:47:10.473 INFO [main] org.apache.catalina.startup.VersionLoggerListener.log Architecture:          amd64
17-Apr-2020 11:47:10.474 INFO [main] org.apache.catalina.startup.VersionLoggerListener.log Java Home:             E:\Programs\JDK\jre
17-Apr-2020 11:47:10.476 INFO [main] org.apache.catalina.startup.VersionLoggerListener.log JVM Version:           1.8.0_211-b12
17-Apr-2020 11:47:10.476 INFO [main] org.apache.catalina.startup.VersionLoggerListener.log JVM Vendor:            Oracle Corporation
17-Apr-2020 11:47:10.476 INFO [main] org.apache.catalina.startup.VersionLoggerListener.log CATALINA_BASE:         E:\Projects\java\epam\SummaryTask4\tomcat
17-Apr-2020 11:47:10.477 INFO [main] org.apache.catalina.startup.VersionLoggerListener.log CATALINA_HOME:         E:\Projects\java\epam\SummaryTask4\tomcat
17-Apr-2020 11:47:10.477 INFO [main] org.apache.catalina.startup.VersionLoggerListener.log Command line argument: -Djdk.tls.ephemeralDHKeySize=2048
17-Apr-2020 11:47:10.478 INFO [main] org.apache.catalina.startup.VersionLoggerListener.log Command line argument: -Djava.protocol.handler.pkgs=org.apache.catalina.webresources
17-Apr-2020 11:47:10.478 INFO [main] org.apache.catalina.startup.VersionLoggerListener.log Command line argument: -Djava.util.logging.config.file=E:\Projects\java\epam\SummaryTask4\tomcat\conf\logging.properties
17-Apr-2020 11:47:10.478 INFO [main] org.apache.catalina.startup.VersionLoggerListener.log Command line argument: -Djava.util.logging.manager=org.apache.juli.ClassLoaderLogManager
17-Apr-2020 11:47:10.479 INFO [main] org.apache.catalina.startup.VersionLoggerListener.log Command line argument: -Dcatalina.base=E:\Projects\java\epam\SummaryTask4\tomcat
17-Apr-2020 11:47:10.479 INFO [main] org.apache.catalina.startup.VersionLoggerListener.log Command line argument: -Dcatalina.home=E:\Projects\java\epam\SummaryTask4\tomcat
17-Apr-2020 11:47:10.479 INFO [main] org.apache.catalina.startup.VersionLoggerListener.log Command line argument: -Djava.io.tmpdir=E:\Projects\java\epam\SummaryTask4\tomcat\temp
17-Apr-2020 11:47:10.480 INFO [main] org.apache.catalina.core.AprLifecycleListener.lifecycleEvent The APR based Apache Tomcat Native library which allows optimal performance in production environments was not found on the java.library.path: E:\Programs\JDK\jre\bin;C:\Windows\Sun\Java\bin;C:\Windows\system32;C:\Windows;E:\Programs\JDK\bin;E:\Programs\JDK\bin;E:\Programs\JDK\jre\bin;C:\InterSystems\Cache\bin;C:\app\Andrew_Lozychenko\dbhomeXE\bin;C:\Program Files (x86)\Common Files\Oracle\Java\javapath;C:\Windows\system32;C:\Windows;C:\Windows\System32\Wbem;C:\Windows\System32\WindowsPowerShell\v1.0\;C:\Windows\System32\OpenSSH\;E:\Программы\Node Js\;E:\Программы\Git\cmd;C:\Program Files\NVIDIA Corporation\NVIDIA NvDLISR;C:\Program Files (x86)\NVIDIA Corporation\PhysX\Common;C:\Program Files (x86)\NoteBook FanControl\;C:\Program Files\TortoiseSVN\bin;C:\Program Files\MySQL\MySQL Shell 8.0\bin\;C:\Users\Andrew Lozychenko\AppData\Local\Microsoft\WindowsApps;C:\Users\Andrew Lozychenko\AppData\Roaming\npm;E:\Программы\Heroku\bin;C:\Users\Andrew Lozychenko\AppData\Local\GitHubDesktop\bin;E:\Programs\IntelliJ IDEA 2019.3.3\bin;E:\Programs\IntelliJ IDEA Community Edition 2019.3.1\bin;.
17-Apr-2020 11:47:10.683 INFO [main] org.apache.coyote.AbstractProtocol.init Initializing ProtocolHandler ["http-nio-8080"]
17-Apr-2020 11:47:10.871 INFO [main] org.apache.tomcat.util.net.NioSelectorPool.getSharedSelector Using a shared selector for servlet write/read
17-Apr-2020 11:47:10.874 INFO [main] org.apache.coyote.AbstractProtocol.init Initializing ProtocolHandler ["ajp-nio-8009"]
17-Apr-2020 11:47:10.877 INFO [main] org.apache.tomcat.util.net.NioSelectorPool.getSharedSelector Using a shared selector for servlet write/read
17-Apr-2020 11:47:10.878 INFO [main] org.apache.catalina.startup.Catalina.load Initialization processed in 830 ms
17-Apr-2020 11:47:10.907 INFO [main] org.apache.catalina.core.StandardService.startInternal Starting service Catalina
17-Apr-2020 11:47:10.907 INFO [main] org.apache.catalina.core.StandardEngine.startInternal Starting Servlet Engine: Apache Tomcat/8.0.0
17-Apr-2020 11:47:10.918 INFO [localhost-startStop-1] org.apache.catalina.startup.HostConfig.deployDescriptor Deploying configuration descriptor E:\Projects\java\epam\SummaryTask4\tomcat\conf\Catalina\localhost\facultative.xml
17-Apr-2020 11:47:12.051 INFO [localhost-startStop-1] org.apache.jasper.servlet.TldScanner.scanJars At least one JAR was scanned for TLDs yet contained no TLDs. Enable debug logging for this logger for a complete list of JARs that were scanned but no TLDs were found in them. Skipping unneeded JARs during scanning can improve startup time and JSP compilation time.
17-Apr-2020 11:47:12.113 INFO [localhost-startStop-1] org.apache.catalina.startup.HostConfig.deployDescriptor Deployment of configuration descriptor E:\Projects\java\epam\SummaryTask4\tomcat\conf\Catalina\localhost\facultative.xml has finished in 1,194 ms
17-Apr-2020 11:47:12.114 INFO [localhost-startStop-1] org.apache.catalina.startup.HostConfig.deployDirectory Deploying web application directory E:\Projects\java\epam\SummaryTask4\tomcat\webapps\manager
17-Apr-2020 11:47:12.542 INFO [localhost-startStop-1] org.apache.jasper.servlet.TldScanner.scanJars At least one JAR was scanned for TLDs yet contained no TLDs. Enable debug logging for this logger for a complete list of JARs that were scanned but no TLDs were found in them. Skipping unneeded JARs during scanning can improve startup time and JSP compilation time.
17-Apr-2020 11:47:12.549 INFO [localhost-startStop-1] org.apache.catalina.startup.HostConfig.deployDirectory Deployment of web application directory E:\Projects\java\epam\SummaryTask4\tomcat\webapps\manager has finished in 435 ms
17-Apr-2020 11:47:12.550 INFO [localhost-startStop-1] org.apache.catalina.startup.HostConfig.deployDirectory Deploying web application directory E:\Projects\java\epam\SummaryTask4\tomcat\webapps\ROOT
17-Apr-2020 11:47:12.932 INFO [localhost-startStop-1] org.apache.jasper.servlet.TldScanner.scanJars At least one JAR was scanned for TLDs yet contained no TLDs. Enable debug logging for this logger for a complete list of JARs that were scanned but no TLDs were found in them. Skipping unneeded JARs during scanning can improve startup time and JSP compilation time.
17-Apr-2020 11:47:12.940 INFO [localhost-startStop-1] org.apache.catalina.startup.HostConfig.deployDirectory Deployment of web application directory E:\Projects\java\epam\SummaryTask4\tomcat\webapps\ROOT has finished in 389 ms
17-Apr-2020 11:47:12.943 INFO [main] org.apache.coyote.AbstractProtocol.start Starting ProtocolHandler [http-nio-8080]
17-Apr-2020 11:47:12.952 INFO [main] org.apache.coyote.AbstractProtocol.start Starting ProtocolHandler [ajp-nio-8009]
17-Apr-2020 11:47:12.956 INFO [main] org.apache.catalina.startup.Catalina.start Server startup in 2076 ms
17-Apr-2020 12:19:24.907 INFO [ContainerBackgroundProcessor[StandardEngine[Catalina]]] org.apache.catalina.core.StandardContext.reload Reloading Context with name [/facultative] has started
17-Apr-2020 12:19:26.669 INFO [ContainerBackgroundProcessor[StandardEngine[Catalina]]] org.apache.catalina.core.StandardContext.reload Reloading Context with name [/facultative] is completed
17-Apr-2020 12:23:03.345 INFO [main] org.apache.catalina.startup.VersionLoggerListener.log Server version:        Apache Tomcat/8.0.0
17-Apr-2020 12:23:03.348 INFO [main] org.apache.catalina.startup.VersionLoggerListener.log Server built:          Oct 6 2016 20:15:31 UTC
17-Apr-2020 12:23:03.349 INFO [main] org.apache.catalina.startup.VersionLoggerListener.log Server number:         8.0.0
17-Apr-2020 12:23:03.349 INFO [main] org.apache.catalina.startup.VersionLoggerListener.log OS Name:               Windows 10
17-Apr-2020 12:23:03.349 INFO [main] org.apache.catalina.startup.VersionLoggerListener.log OS Version:            10.0
17-Apr-2020 12:23:03.349 INFO [main] org.apache.catalina.startup.VersionLoggerListener.log Architecture:          amd64
17-Apr-2020 12:23:03.350 INFO [main] org.apache.catalina.startup.VersionLoggerListener.log Java Home:             E:\Programs\JDK\jre
17-Apr-2020 12:23:03.352 INFO [main] org.apache.catalina.startup.VersionLoggerListener.log JVM Version:           1.8.0_211-b12
17-Apr-2020 12:23:03.352 INFO [main] org.apache.catalina.startup.VersionLoggerListener.log JVM Vendor:            Oracle Corporation
17-Apr-2020 12:23:03.353 INFO [main] org.apache.catalina.startup.VersionLoggerListener.log CATALINA_BASE:         E:\Projects\java\epam\SummaryTask4\tomcat
17-Apr-2020 12:23:03.353 INFO [main] org.apache.catalina.startup.VersionLoggerListener.log CATALINA_HOME:         E:\Projects\java\epam\SummaryTask4\tomcat
17-Apr-2020 12:23:03.354 INFO [main] org.apache.catalina.startup.VersionLoggerListener.log Command line argument: -Djdk.tls.ephemeralDHKeySize=2048
17-Apr-2020 12:23:03.354 INFO [main] org.apache.catalina.startup.VersionLoggerListener.log Command line argument: -Djava.protocol.handler.pkgs=org.apache.catalina.webresources
17-Apr-2020 12:23:03.354 INFO [main] org.apache.catalina.startup.VersionLoggerListener.log Command line argument: -Djava.util.logging.config.file=E:\Projects\java\epam\SummaryTask4\tomcat\conf\logging.properties
17-Apr-2020 12:23:03.355 INFO [main] org.apache.catalina.startup.VersionLoggerListener.log Command line argument: -Djava.util.logging.manager=org.apache.juli.ClassLoaderLogManager
17-Apr-2020 12:23:03.355 INFO [main] org.apache.catalina.startup.VersionLoggerListener.log Command line argument: -Dcatalina.base=E:\Projects\java\epam\SummaryTask4\tomcat
17-Apr-2020 12:23:03.355 INFO [main] org.apache.catalina.startup.VersionLoggerListener.log Command line argument: -Dcatalina.home=E:\Projects\java\epam\SummaryTask4\tomcat
17-Apr-2020 12:23:03.356 INFO [main] org.apache.catalina.startup.VersionLoggerListener.log Command line argument: -Djava.io.tmpdir=E:\Projects\java\epam\SummaryTask4\tomcat\temp
17-Apr-2020 12:23:03.357 INFO [main] org.apache.catalina.core.AprLifecycleListener.lifecycleEvent The APR based Apache Tomcat Native library which allows optimal performance in production environments was not found on the java.library.path: E:\Programs\JDK\jre\bin;C:\Windows\Sun\Java\bin;C:\Windows\system32;C:\Windows;E:\Programs\JDK\bin;E:\Programs\JDK\bin;E:\Programs\JDK\jre\bin;C:\InterSystems\Cache\bin;C:\app\Andrew_Lozychenko\dbhomeXE\bin;C:\Program Files (x86)\Common Files\Oracle\Java\javapath;C:\Windows\system32;C:\Windows;C:\Windows\System32\Wbem;C:\Windows\System32\WindowsPowerShell\v1.0\;C:\Windows\System32\OpenSSH\;E:\Программы\Node Js\;E:\Программы\Git\cmd;C:\Program Files\NVIDIA Corporation\NVIDIA NvDLISR;C:\Program Files (x86)\NVIDIA Corporation\PhysX\Common;C:\Program Files (x86)\NoteBook FanControl\;C:\Program Files\TortoiseSVN\bin;C:\Program Files\MySQL\MySQL Shell 8.0\bin\;C:\Users\Andrew Lozychenko\AppData\Local\Microsoft\WindowsApps;C:\Users\Andrew Lozychenko\AppData\Roaming\npm;E:\Программы\Heroku\bin;C:\Users\Andrew Lozychenko\AppData\Local\GitHubDesktop\bin;E:\Programs\IntelliJ IDEA 2019.3.3\bin;E:\Programs\IntelliJ IDEA Community Edition 2019.3.1\bin;.
17-Apr-2020 12:23:03.556 INFO [main] org.apache.coyote.AbstractProtocol.init Initializing ProtocolHandler ["http-nio-8080"]
17-Apr-2020 12:23:03.730 INFO [main] org.apache.tomcat.util.net.NioSelectorPool.getSharedSelector Using a shared selector for servlet write/read
17-Apr-2020 12:23:03.733 INFO [main] org.apache.coyote.AbstractProtocol.init Initializing ProtocolHandler ["ajp-nio-8009"]
17-Apr-2020 12:23:03.737 INFO [main] org.apache.tomcat.util.net.NioSelectorPool.getSharedSelector Using a shared selector for servlet write/read
17-Apr-2020 12:23:03.738 INFO [main] org.apache.catalina.startup.Catalina.load Initialization processed in 811 ms
17-Apr-2020 12:23:03.789 INFO [main] org.apache.catalina.core.StandardService.startInternal Starting service Catalina
17-Apr-2020 12:23:03.790 INFO [main] org.apache.catalina.core.StandardEngine.startInternal Starting Servlet Engine: Apache Tomcat/8.0.0
17-Apr-2020 12:23:03.806 INFO [localhost-startStop-1] org.apache.catalina.startup.HostConfig.deployDescriptor Deploying configuration descriptor E:\Projects\java\epam\SummaryTask4\tomcat\conf\Catalina\localhost\facultative.xml
17-Apr-2020 12:23:05.078 INFO [localhost-startStop-1] org.apache.jasper.servlet.TldScanner.scanJars At least one JAR was scanned for TLDs yet contained no TLDs. Enable debug logging for this logger for a complete list of JARs that were scanned but no TLDs were found in them. Skipping unneeded JARs during scanning can improve startup time and JSP compilation time.
17-Apr-2020 12:23:05.148 INFO [localhost-startStop-1] org.apache.catalina.startup.HostConfig.deployDescriptor Deployment of configuration descriptor E:\Projects\java\epam\SummaryTask4\tomcat\conf\Catalina\localhost\facultative.xml has finished in 1,342 ms
17-Apr-2020 12:23:05.150 INFO [localhost-startStop-1] org.apache.catalina.startup.HostConfig.deployDirectory Deploying web application directory E:\Projects\java\epam\SummaryTask4\tomcat\webapps\manager
17-Apr-2020 12:23:05.608 INFO [localhost-startStop-1] org.apache.jasper.servlet.TldScanner.scanJars At least one JAR was scanned for TLDs yet contained no TLDs. Enable debug logging for this logger for a complete list of JARs that were scanned but no TLDs were found in them. Skipping unneeded JARs during scanning can improve startup time and JSP compilation time.
17-Apr-2020 12:23:05.619 INFO [localhost-startStop-1] org.apache.catalina.startup.HostConfig.deployDirectory Deployment of web application directory E:\Projects\java\epam\SummaryTask4\tomcat\webapps\manager has finished in 469 ms
17-Apr-2020 12:23:05.620 INFO [localhost-startStop-1] org.apache.catalina.startup.HostConfig.deployDirectory Deploying web application directory E:\Projects\java\epam\SummaryTask4\tomcat\webapps\ROOT
17-Apr-2020 12:23:06.060 INFO [localhost-startStop-1] org.apache.jasper.servlet.TldScanner.scanJars At least one JAR was scanned for TLDs yet contained no TLDs. Enable debug logging for this logger for a complete list of JARs that were scanned but no TLDs were found in them. Skipping unneeded JARs during scanning can improve startup time and JSP compilation time.
17-Apr-2020 12:23:06.067 INFO [localhost-startStop-1] org.apache.catalina.startup.HostConfig.deployDirectory Deployment of web application directory E:\Projects\java\epam\SummaryTask4\tomcat\webapps\ROOT has finished in 448 ms
17-Apr-2020 12:23:06.071 INFO [main] org.apache.coyote.AbstractProtocol.start Starting ProtocolHandler [http-nio-8080]
17-Apr-2020 12:23:06.080 INFO [main] org.apache.coyote.AbstractProtocol.start Starting ProtocolHandler [ajp-nio-8009]
17-Apr-2020 12:23:06.084 INFO [main] org.apache.catalina.startup.Catalina.start Server startup in 2345 ms
17-Apr-2020 12:24:06.931 INFO [ContainerBackgroundProcessor[StandardEngine[Catalina]]] org.apache.catalina.core.StandardContext.reload Reloading Context with name [/facultative] has started
17-Apr-2020 12:24:08.667 INFO [ContainerBackgroundProcessor[StandardEngine[Catalina]]] org.apache.catalina.core.StandardContext.reload Reloading Context with name [/facultative] is completed
17-Apr-2020 14:07:29.751 INFO [ContainerBackgroundProcessor[StandardEngine[Catalina]]] org.apache.catalina.core.StandardContext.reload Reloading Context with name [/facultative] has started
17-Apr-2020 14:07:30.316 INFO [ContainerBackgroundProcessor[StandardEngine[Catalina]]] org.apache.catalina.core.StandardContext.reload Reloading Context with name [/facultative] is completed
17-Apr-2020 14:11:22.069 INFO [ContainerBackgroundProcessor[StandardEngine[Catalina]]] org.apache.catalina.core.StandardContext.reload Reloading Context with name [/facultative] has started
17-Apr-2020 14:11:22.577 INFO [ContainerBackgroundProcessor[StandardEngine[Catalina]]] org.apache.catalina.core.StandardContext.reload Reloading Context with name [/facultative] is completed
17-Apr-2020 14:22:21.570 INFO [ContainerBackgroundProcessor[StandardEngine[Catalina]]] org.apache.catalina.core.StandardContext.reload Reloading Context with name [/facultative] has started
17-Apr-2020 14:22:22.470 INFO [ContainerBackgroundProcessor[StandardEngine[Catalina]]] org.apache.catalina.core.StandardContext.reload Reloading Context with name [/facultative] is completed
17-Apr-2020 15:10:16.005 INFO [ContainerBackgroundProcessor[StandardEngine[Catalina]]] org.apache.catalina.core.StandardContext.reload Reloading Context with name [/facultative] has started
17-Apr-2020 15:10:16.604 INFO [ContainerBackgroundProcessor[StandardEngine[Catalina]]] org.apache.catalina.core.StandardContext.reload Reloading Context with name [/facultative] is completed
17-Apr-2020 15:11:38.056 INFO [ContainerBackgroundProcessor[StandardEngine[Catalina]]] org.apache.catalina.core.StandardContext.reload Reloading Context with name [/facultative] has started
17-Apr-2020 15:11:38.901 INFO [ContainerBackgroundProcessor[StandardEngine[Catalina]]] org.apache.catalina.core.StandardContext.reload Reloading Context with name [/facultative] is completed
17-Apr-2020 15:12:49.489 INFO [ContainerBackgroundProcessor[StandardEngine[Catalina]]] org.apache.catalina.core.StandardContext.reload Reloading Context with name [/facultative] has started
17-Apr-2020 15:12:50.018 INFO [ContainerBackgroundProcessor[StandardEngine[Catalina]]] org.apache.catalina.core.StandardContext.reload Reloading Context with name [/facultative] is completed
17-Apr-2020 15:13:40.352 INFO [ContainerBackgroundProcessor[StandardEngine[Catalina]]] org.apache.catalina.core.StandardContext.reload Reloading Context with name [/facultative] has started
17-Apr-2020 15:13:40.832 INFO [ContainerBackgroundProcessor[StandardEngine[Catalina]]] org.apache.catalina.core.StandardContext.reload Reloading Context with name [/facultative] is completed
17-Apr-2020 15:16:42.818 INFO [ContainerBackgroundProcessor[StandardEngine[Catalina]]] org.apache.catalina.core.StandardContext.reload Reloading Context with name [/facultative] has started
17-Apr-2020 15:16:43.293 INFO [ContainerBackgroundProcessor[StandardEngine[Catalina]]] org.apache.catalina.core.StandardContext.reload Reloading Context with name [/facultative] is completed
17-Apr-2020 15:17:34.267 INFO [ContainerBackgroundProcessor[StandardEngine[Catalina]]] org.apache.catalina.core.StandardContext.reload Reloading Context with name [/facultative] has started
17-Apr-2020 15:17:35.031 INFO [ContainerBackgroundProcessor[StandardEngine[Catalina]]] org.apache.catalina.core.StandardContext.reload Reloading Context with name [/facultative] is completed
17-Apr-2020 15:18:35.743 INFO [ContainerBackgroundProcessor[StandardEngine[Catalina]]] org.apache.catalina.core.StandardContext.reload Reloading Context with name [/facultative] has started
17-Apr-2020 15:18:36.211 INFO [ContainerBackgroundProcessor[StandardEngine[Catalina]]] org.apache.catalina.core.StandardContext.reload Reloading Context with name [/facultative] is completed
17-Apr-2020 15:19:16.403 INFO [ContainerBackgroundProcessor[StandardEngine[Catalina]]] org.apache.catalina.core.StandardContext.reload Reloading Context with name [/facultative] has started
17-Apr-2020 15:19:17.137 INFO [ContainerBackgroundProcessor[StandardEngine[Catalina]]] org.apache.catalina.core.StandardContext.reload Reloading Context with name [/facultative] is completed
17-Apr-2020 15:20:17.585 INFO [ContainerBackgroundProcessor[StandardEngine[Catalina]]] org.apache.catalina.core.StandardContext.reload Reloading Context with name [/facultative] has started
17-Apr-2020 15:20:18.114 INFO [ContainerBackgroundProcessor[StandardEngine[Catalina]]] org.apache.catalina.core.StandardContext.reload Reloading Context with name [/facultative] is completed
17-Apr-2020 15:20:27.390 INFO [main] org.apache.catalina.startup.VersionLoggerListener.log Server version:        Apache Tomcat/8.0.0
17-Apr-2020 15:20:27.394 INFO [main] org.apache.catalina.startup.VersionLoggerListener.log Server built:          Oct 6 2016 20:15:31 UTC
17-Apr-2020 15:20:27.394 INFO [main] org.apache.catalina.startup.VersionLoggerListener.log Server number:         8.0.0
17-Apr-2020 15:20:27.395 INFO [main] org.apache.catalina.startup.VersionLoggerListener.log OS Name:               Windows 10
17-Apr-2020 15:20:27.395 INFO [main] org.apache.catalina.startup.VersionLoggerListener.log OS Version:            10.0
17-Apr-2020 15:20:27.395 INFO [main] org.apache.catalina.startup.VersionLoggerListener.log Architecture:          amd64
17-Apr-2020 15:20:27.395 INFO [main] org.apache.catalina.startup.VersionLoggerListener.log Java Home:             E:\Programs\JDK\jre
17-Apr-2020 15:20:27.399 INFO [main] org.apache.catalina.startup.VersionLoggerListener.log JVM Version:           1.8.0_211-b12
17-Apr-2020 15:20:27.399 INFO [main] org.apache.catalina.startup.VersionLoggerListener.log JVM Vendor:            Oracle Corporation
17-Apr-2020 15:20:27.400 INFO [main] org.apache.catalina.startup.VersionLoggerListener.log CATALINA_BASE:         E:\Projects\java\epam\SummaryTask4\tomcat
17-Apr-2020 15:20:27.400 INFO [main] org.apache.catalina.startup.VersionLoggerListener.log CATALINA_HOME:         E:\Projects\java\epam\SummaryTask4\tomcat
17-Apr-2020 15:20:27.401 INFO [main] org.apache.catalina.startup.VersionLoggerListener.log Command line argument: -Djdk.tls.ephemeralDHKeySize=2048
17-Apr-2020 15:20:27.402 INFO [main] org.apache.catalina.startup.VersionLoggerListener.log Command line argument: -Djava.protocol.handler.pkgs=org.apache.catalina.webresources
17-Apr-2020 15:20:27.402 INFO [main] org.apache.catalina.startup.VersionLoggerListener.log Command line argument: -Djava.util.logging.config.file=E:\Projects\java\epam\SummaryTask4\tomcat\conf\logging.properties
17-Apr-2020 15:20:27.403 INFO [main] org.apache.catalina.startup.VersionLoggerListener.log Command line argument: -Djava.util.logging.manager=org.apache.juli.ClassLoaderLogManager
17-Apr-2020 15:20:27.406 INFO [main] org.apache.catalina.startup.VersionLoggerListener.log Command line argument: -Dcatalina.base=E:\Projects\java\epam\SummaryTask4\tomcat
17-Apr-2020 15:20:27.407 INFO [main] org.apache.catalina.startup.VersionLoggerListener.log Command line argument: -Dcatalina.home=E:\Projects\java\epam\SummaryTask4\tomcat
17-Apr-2020 15:20:27.407 INFO [main] org.apache.catalina.startup.VersionLoggerListener.log Command line argument: -Djava.io.tmpdir=E:\Projects\java\epam\SummaryTask4\tomcat\temp
17-Apr-2020 15:20:27.408 INFO [main] org.apache.catalina.core.AprLifecycleListener.lifecycleEvent The APR based Apache Tomcat Native library which allows optimal performance in production environments was not found on the java.library.path: E:\Programs\JDK\jre\bin;C:\Windows\Sun\Java\bin;C:\Windows\system32;C:\Windows;E:\Programs\JDK\bin;E:\Programs\JDK\bin;E:\Programs\JDK\jre\bin;C:\InterSystems\Cache\bin;C:\app\Andrew_Lozychenko\dbhomeXE\bin;C:\Program Files (x86)\Common Files\Oracle\Java\javapath;C:\Windows\system32;C:\Windows;C:\Windows\System32\Wbem;C:\Windows\System32\WindowsPowerShell\v1.0\;C:\Windows\System32\OpenSSH\;E:\Программы\Node Js\;E:\Программы\Git\cmd;C:\Program Files\NVIDIA Corporation\NVIDIA NvDLISR;C:\Program Files (x86)\NVIDIA Corporation\PhysX\Common;C:\Program Files (x86)\NoteBook FanControl\;C:\Program Files\TortoiseSVN\bin;C:\Program Files\MySQL\MySQL Shell 8.0\bin\;C:\Users\Andrew Lozychenko\AppData\Local\Microsoft\WindowsApps;C:\Users\Andrew Lozychenko\AppData\Roaming\npm;E:\Программы\Heroku\bin;C:\Users\Andrew Lozychenko\AppData\Local\GitHubDesktop\bin;E:\Programs\IntelliJ IDEA 2019.3.3\bin;E:\Programs\IntelliJ IDEA Community Edition 2019.3.1\bin;.
17-Apr-2020 15:20:27.657 INFO [main] org.apache.coyote.AbstractProtocol.init Initializing ProtocolHandler ["http-nio-8080"]
17-Apr-2020 15:20:27.829 INFO [main] org.apache.tomcat.util.net.NioSelectorPool.getSharedSelector Using a shared selector for servlet write/read
17-Apr-2020 15:20:27.833 INFO [main] org.apache.coyote.AbstractProtocol.init Initializing ProtocolHandler ["ajp-nio-8009"]
17-Apr-2020 15:20:27.835 INFO [main] org.apache.tomcat.util.net.NioSelectorPool.getSharedSelector Using a shared selector for servlet write/read
17-Apr-2020 15:20:27.836 INFO [main] org.apache.catalina.startup.Catalina.load Initialization processed in 878 ms
17-Apr-2020 15:20:27.865 INFO [main] org.apache.catalina.core.StandardService.startInternal Starting service Catalina
17-Apr-2020 15:20:27.866 INFO [main] org.apache.catalina.core.StandardEngine.startInternal Starting Servlet Engine: Apache Tomcat/8.0.0
17-Apr-2020 15:20:27.877 INFO [localhost-startStop-1] org.apache.catalina.startup.HostConfig.deployDescriptor Deploying configuration descriptor E:\Projects\java\epam\SummaryTask4\tomcat\conf\Catalina\localhost\facultative.xml
17-Apr-2020 15:20:29.223 INFO [localhost-startStop-1] org.apache.jasper.servlet.TldScanner.scanJars At least one JAR was scanned for TLDs yet contained no TLDs. Enable debug logging for this logger for a complete list of JARs that were scanned but no TLDs were found in them. Skipping unneeded JARs during scanning can improve startup time and JSP compilation time.
17-Apr-2020 15:20:29.287 INFO [localhost-startStop-1] org.apache.catalina.startup.HostConfig.deployDescriptor Deployment of configuration descriptor E:\Projects\java\epam\SummaryTask4\tomcat\conf\Catalina\localhost\facultative.xml has finished in 1,410 ms
17-Apr-2020 15:20:29.288 INFO [localhost-startStop-1] org.apache.catalina.startup.HostConfig.deployDirectory Deploying web application directory E:\Projects\java\epam\SummaryTask4\tomcat\webapps\manager
17-Apr-2020 15:20:29.732 INFO [localhost-startStop-1] org.apache.jasper.servlet.TldScanner.scanJars At least one JAR was scanned for TLDs yet contained no TLDs. Enable debug logging for this logger for a complete list of JARs that were scanned but no TLDs were found in them. Skipping unneeded JARs during scanning can improve startup time and JSP compilation time.
17-Apr-2020 15:20:29.741 INFO [localhost-startStop-1] org.apache.catalina.startup.HostConfig.deployDirectory Deployment of web application directory E:\Projects\java\epam\SummaryTask4\tomcat\webapps\manager has finished in 453 ms
17-Apr-2020 15:20:29.741 INFO [localhost-startStop-1] org.apache.catalina.startup.HostConfig.deployDirectory Deploying web application directory E:\Projects\java\epam\SummaryTask4\tomcat\webapps\ROOT
17-Apr-2020 15:20:30.170 INFO [localhost-startStop-1] org.apache.jasper.servlet.TldScanner.scanJars At least one JAR was scanned for TLDs yet contained no TLDs. Enable debug logging for this logger for a complete list of JARs that were scanned but no TLDs were found in them. Skipping unneeded JARs during scanning can improve startup time and JSP compilation time.
17-Apr-2020 15:20:30.179 INFO [localhost-startStop-1] org.apache.catalina.startup.HostConfig.deployDirectory Deployment of web application directory E:\Projects\java\epam\SummaryTask4\tomcat\webapps\ROOT has finished in 437 ms
17-Apr-2020 15:20:30.183 INFO [main] org.apache.coyote.AbstractProtocol.start Starting ProtocolHandler [http-nio-8080]
17-Apr-2020 15:20:30.190 INFO [main] org.apache.coyote.AbstractProtocol.start Starting ProtocolHandler [ajp-nio-8009]
17-Apr-2020 15:20:30.193 INFO [main] org.apache.catalina.startup.Catalina.start Server startup in 2356 ms
